<?xml version="1.0" ?>
<testsuite name="SampleTest-20230420044414" tests="1" time="0.000" failures="0" errors="0">
	<testcase classname="SampleTest" name="test_sample" time="0.000"/>
	<system-out><![CDATA[]]></system-out>
	<system-err><![CDATA[]]></system-err>
</testsuite>
